<?xml version="1.0" encoding="UTF-8"?>
<testsuite xmlns:xsi="http://www.w3.org/2001/XMLSchema-instance" xsi:noNamespaceSchemaLocation="https://maven.apache.org/surefire/maven-surefire-plugin/xsd/surefire-test-report-3.0.xsd" version="3.0" name="ca.mcmaster.cas.se2aa4.a2.island.IslandTest" time="0.071" tests="11" errors="0" skipped="0" failures="0">
  <properties>
    <property name="java.specification.version" value="19"/>
    <property name="sun.cpu.isalist" value="amd64"/>
    <property name="sun.jnu.encoding" value="Cp1252"/>
    <property name="java.class.path" value="C:\Users\yukai\Desktop\coding\personal-projects\meshGen\island\target\test-classes;C:\Users\yukai\Desktop\coding\personal-projects\meshGen\island\target\classes;C:\Users\yukai\Desktop\coding\personal-projects\meshGen\visualizer\target\2aa4.mesh.visualizer-1.0.jar;C:\Users\yukai\.m2\repository\org\apache\xmlgraphics\batik-rasterizer\1.16\batik-rasterizer-1.16.jar;C:\Users\yukai\.m2\repository\org\apache\xmlgraphics\batik-shared-resources\1.16\batik-shared-resources-1.16.jar;C:\Users\yukai\.m2\repository\org\apache\xmlgraphics\batik-svgrasterizer\1.16\batik-svgrasterizer-1.16.jar;C:\Users\yukai\.m2\repository\org\apache\xmlgraphics\batik-parser\1.16\batik-parser-1.16.jar;C:\Users\yukai\.m2\repository\org\apache\xmlgraphics\batik-awt-util\1.16\batik-awt-util-1.16.jar;C:\Users\yukai\.m2\repository\org\apache\xmlgraphics\xmlgraphics-commons\2.7\xmlgraphics-commons-2.7.jar;C:\Users\yukai\.m2\repository\commons-io\commons-io\1.3.1\commons-io-1.3.1.jar;C:\Users\yukai\.m2\repository\commons-logging\commons-logging\1.0.4\commons-logging-1.0.4.jar;C:\Users\yukai\.m2\repository\org\apache\xmlgraphics\batik-xml\1.16\batik-xml-1.16.jar;C:\Users\yukai\.m2\repository\xml-apis\xml-apis-ext\1.3.04\xml-apis-ext-1.3.04.jar;C:\Users\yukai\.m2\repository\org\apache\xmlgraphics\batik-transcoder\1.16\batik-transcoder-1.16.jar;C:\Users\yukai\.m2\repository\org\apache\xmlgraphics\batik-anim\1.16\batik-anim-1.16.jar;C:\Users\yukai\.m2\repository\org\apache\xmlgraphics\batik-css\1.16\batik-css-1.16.jar;C:\Users\yukai\.m2\repository\org\apache\xmlgraphics\batik-ext\1.16\batik-ext-1.16.jar;C:\Users\yukai\.m2\repository\org\apache\xmlgraphics\batik-svg-dom\1.16\batik-svg-dom-1.16.jar;C:\Users\yukai\.m2\repository\org\apache\xmlgraphics\batik-bridge\1.16\batik-bridge-1.16.jar;C:\Users\yukai\.m2\repository\org\apache\xmlgraphics\batik-script\1.16\batik-script-1.16.jar;C:\Users\yukai\.m2\repository\org\apache\xmlgraphics\batik-dom\1.16\batik-dom-1.16.jar;C:\Users\yukai\.m2\repository\xml-apis\xml-apis\1.4.01\xml-apis-1.4.01.jar;C:\Users\yukai\.m2\repository\org\apache\xmlgraphics\batik-gvt\1.16\batik-gvt-1.16.jar;C:\Users\yukai\.m2\repository\org\apache\xmlgraphics\batik-svggen\1.16\batik-svggen-1.16.jar;C:\Users\yukai\.m2\repository\org\apache\xmlgraphics\batik-util\1.16\batik-util-1.16.jar;C:\Users\yukai\.m2\repository\org\apache\xmlgraphics\batik-constants\1.16\batik-constants-1.16.jar;C:\Users\yukai\.m2\repository\org\apache\xmlgraphics\batik-i18n\1.16\batik-i18n-1.16.jar;C:\Users\yukai\.m2\repository\org\apache\xmlgraphics\batik-codec\1.16\batik-codec-1.16.jar;C:\Users\yukai\Desktop\coding\personal-projects\meshGen\generator\target\2aa4.mesh.generator-1.0.jar;C:\Users\yukai\Desktop\coding\personal-projects\meshGen\io\target\2aa4.mesh.io-1.0.jar;C:\Users\yukai\.m2\repository\com\google\protobuf\protobuf-java\3.21.12\protobuf-java-3.21.12.jar;C:\Users\yukai\.m2\repository\org\locationtech\jts\jts-core\1.19.0\jts-core-1.19.0.jar;C:\Users\yukai\.m2\repository\commons-cli\commons-cli\1.5.0\commons-cli-1.5.0.jar;C:\Users\yukai\.m2\repository\org\apache\logging\log4j\log4j-api\2.19.0\log4j-api-2.19.0.jar;C:\Users\yukai\.m2\repository\org\apache\logging\log4j\log4j-core\2.19.0\log4j-core-2.19.0.jar;C:\Users\yukai\.m2\repository\org\junit\jupiter\junit-jupiter\5.9.2\junit-jupiter-5.9.2.jar;C:\Users\yukai\.m2\repository\org\junit\jupiter\junit-jupiter-api\5.9.2\junit-jupiter-api-5.9.2.jar;C:\Users\yukai\.m2\repository\org\opentest4j\opentest4j\1.2.0\opentest4j-1.2.0.jar;C:\Users\yukai\.m2\repository\org\junit\platform\junit-platform-commons\1.9.2\junit-platform-commons-1.9.2.jar;C:\Users\yukai\.m2\repository\org\apiguardian\apiguardian-api\1.1.2\apiguardian-api-1.1.2.jar;C:\Users\yukai\.m2\repository\org\junit\jupiter\junit-jupiter-params\5.9.2\junit-jupiter-params-5.9.2.jar;C:\Users\yukai\.m2\repository\org\junit\jupiter\junit-jupiter-engine\5.9.2\junit-jupiter-engine-5.9.2.jar;C:\Users\yukai\.m2\repository\org\junit\platform\junit-platform-engine\1.9.2\junit-platform-engine-1.9.2.jar;"/>
    <property name="java.vm.vendor" value="Oracle Corporation"/>
    <property name="sun.arch.data.model" value="64"/>
    <property name="user.variant" value=""/>
    <property name="java.vendor.url" value="https://java.oracle.com/"/>
    <property name="user.timezone" value="America/Toronto"/>
    <property name="os.name" value="Windows 11"/>
    <property name="java.vm.specification.version" value="19"/>
    <property name="sun.java.launcher" value="SUN_STANDARD"/>
    <property name="user.country" value="CA"/>
    <property name="sun.boot.library.path" value="C:\Program Files\Java\jdk-19\bin"/>
    <property name="sun.java.command" value="C:\Users\yukai\AppData\Local\Temp\surefire3867309937317452060\surefirebooter8687916747257604034.jar C:\Users\yukai\AppData\Local\Temp\surefire3867309937317452060 2023-08-03T17-47-39_632-jvmRun1 surefire6078610624804251819tmp surefire_112209973496282006994tmp"/>
    <property name="jdk.debug" value="release"/>
    <property name="surefire.test.class.path" value="C:\Users\yukai\Desktop\coding\personal-projects\meshGen\island\target\test-classes;C:\Users\yukai\Desktop\coding\personal-projects\meshGen\island\target\classes;C:\Users\yukai\Desktop\coding\personal-projects\meshGen\visualizer\target\2aa4.mesh.visualizer-1.0.jar;C:\Users\yukai\.m2\repository\org\apache\xmlgraphics\batik-rasterizer\1.16\batik-rasterizer-1.16.jar;C:\Users\yukai\.m2\repository\org\apache\xmlgraphics\batik-shared-resources\1.16\batik-shared-resources-1.16.jar;C:\Users\yukai\.m2\repository\org\apache\xmlgraphics\batik-svgrasterizer\1.16\batik-svgrasterizer-1.16.jar;C:\Users\yukai\.m2\repository\org\apache\xmlgraphics\batik-parser\1.16\batik-parser-1.16.jar;C:\Users\yukai\.m2\repository\org\apache\xmlgraphics\batik-awt-util\1.16\batik-awt-util-1.16.jar;C:\Users\yukai\.m2\repository\org\apache\xmlgraphics\xmlgraphics-commons\2.7\xmlgraphics-commons-2.7.jar;C:\Users\yukai\.m2\repository\commons-io\commons-io\1.3.1\commons-io-1.3.1.jar;C:\Users\yukai\.m2\repository\commons-logging\commons-logging\1.0.4\commons-logging-1.0.4.jar;C:\Users\yukai\.m2\repository\org\apache\xmlgraphics\batik-xml\1.16\batik-xml-1.16.jar;C:\Users\yukai\.m2\repository\xml-apis\xml-apis-ext\1.3.04\xml-apis-ext-1.3.04.jar;C:\Users\yukai\.m2\repository\org\apache\xmlgraphics\batik-transcoder\1.16\batik-transcoder-1.16.jar;C:\Users\yukai\.m2\repository\org\apache\xmlgraphics\batik-anim\1.16\batik-anim-1.16.jar;C:\Users\yukai\.m2\repository\org\apache\xmlgraphics\batik-css\1.16\batik-css-1.16.jar;C:\Users\yukai\.m2\repository\org\apache\xmlgraphics\batik-ext\1.16\batik-ext-1.16.jar;C:\Users\yukai\.m2\repository\org\apache\xmlgraphics\batik-svg-dom\1.16\batik-svg-dom-1.16.jar;C:\Users\yukai\.m2\repository\org\apache\xmlgraphics\batik-bridge\1.16\batik-bridge-1.16.jar;C:\Users\yukai\.m2\repository\org\apache\xmlgraphics\batik-script\1.16\batik-script-1.16.jar;C:\Users\yukai\.m2\repository\org\apache\xmlgraphics\batik-dom\1.16\batik-dom-1.16.jar;C:\Users\yukai\.m2\repository\xml-apis\xml-apis\1.4.01\xml-apis-1.4.01.jar;C:\Users\yukai\.m2\repository\org\apache\xmlgraphics\batik-gvt\1.16\batik-gvt-1.16.jar;C:\Users\yukai\.m2\repository\org\apache\xmlgraphics\batik-svggen\1.16\batik-svggen-1.16.jar;C:\Users\yukai\.m2\repository\org\apache\xmlgraphics\batik-util\1.16\batik-util-1.16.jar;C:\Users\yukai\.m2\repository\org\apache\xmlgraphics\batik-constants\1.16\batik-constants-1.16.jar;C:\Users\yukai\.m2\repository\org\apache\xmlgraphics\batik-i18n\1.16\batik-i18n-1.16.jar;C:\Users\yukai\.m2\repository\org\apache\xmlgraphics\batik-codec\1.16\batik-codec-1.16.jar;C:\Users\yukai\Desktop\coding\personal-projects\meshGen\generator\target\2aa4.mesh.generator-1.0.jar;C:\Users\yukai\Desktop\coding\personal-projects\meshGen\io\target\2aa4.mesh.io-1.0.jar;C:\Users\yukai\.m2\repository\com\google\protobuf\protobuf-java\3.21.12\protobuf-java-3.21.12.jar;C:\Users\yukai\.m2\repository\org\locationtech\jts\jts-core\1.19.0\jts-core-1.19.0.jar;C:\Users\yukai\.m2\repository\commons-cli\commons-cli\1.5.0\commons-cli-1.5.0.jar;C:\Users\yukai\.m2\repository\org\apache\logging\log4j\log4j-api\2.19.0\log4j-api-2.19.0.jar;C:\Users\yukai\.m2\repository\org\apache\logging\log4j\log4j-core\2.19.0\log4j-core-2.19.0.jar;C:\Users\yukai\.m2\repository\org\junit\jupiter\junit-jupiter\5.9.2\junit-jupiter-5.9.2.jar;C:\Users\yukai\.m2\repository\org\junit\jupiter\junit-jupiter-api\5.9.2\junit-jupiter-api-5.9.2.jar;C:\Users\yukai\.m2\repository\org\opentest4j\opentest4j\1.2.0\opentest4j-1.2.0.jar;C:\Users\yukai\.m2\repository\org\junit\platform\junit-platform-commons\1.9.2\junit-platform-commons-1.9.2.jar;C:\Users\yukai\.m2\repository\org\apiguardian\apiguardian-api\1.1.2\apiguardian-api-1.1.2.jar;C:\Users\yukai\.m2\repository\org\junit\jupiter\junit-jupiter-params\5.9.2\junit-jupiter-params-5.9.2.jar;C:\Users\yukai\.m2\repository\org\junit\jupiter\junit-jupiter-engine\5.9.2\junit-jupiter-engine-5.9.2.jar;C:\Users\yukai\.m2\repository\org\junit\platform\junit-platform-engine\1.9.2\junit-platform-engine-1.9.2.jar;"/>
    <property name="sun.cpu.endian" value="little"/>
    <property name="user.home" value="C:\Users\yukai"/>
    <property name="user.language" value="en"/>
    <property name="java.specification.vendor" value="Oracle Corporation"/>
    <property name="java.version.date" value="2023-01-17"/>
    <property name="java.home" value="C:\Program Files\Java\jdk-19"/>
    <property name="file.separator" value="\"/>
    <property name="basedir" value="C:\Users\yukai\Desktop\coding\personal-projects\meshGen\island"/>
    <property name="java.vm.compressedOopsMode" value="Zero based"/>
    <property name="line.separator" value="&#10;"/>
    <property name="java.vm.specification.vendor" value="Oracle Corporation"/>
    <property name="java.specification.name" value="Java Platform API Specification"/>
    <property name="surefire.real.class.path" value="C:\Users\yukai\AppData\Local\Temp\surefire3867309937317452060\surefirebooter8687916747257604034.jar"/>
    <property name="user.script" value=""/>
    <property name="sun.management.compiler" value="HotSpot 64-Bit Tiered Compilers"/>
    <property name="java.runtime.version" value="19.0.2+7-44"/>
    <property name="user.name" value="yukai"/>
    <property name="stdout.encoding" value="Cp1252"/>
    <property name="path.separator" value=";"/>
    <property name="os.version" value="10.0"/>
    <property name="java.runtime.name" value="Java(TM) SE Runtime Environment"/>
    <property name="file.encoding" value="UTF-8"/>
    <property name="java.vm.name" value="Java HotSpot(TM) 64-Bit Server VM"/>
    <property name="localRepository" value="C:\Users\yukai\.m2\repository"/>
    <property name="java.vendor.url.bug" value="https://bugreport.java.com/bugreport/"/>
    <property name="java.io.tmpdir" value="C:\Users\yukai\AppData\Local\Temp\"/>
    <property name="java.version" value="19.0.2"/>
    <property name="user.dir" value="C:\Users\yukai\Desktop\coding\personal-projects\meshGen\island"/>
    <property name="os.arch" value="amd64"/>
    <property name="java.vm.specification.name" value="Java Virtual Machine Specification"/>
    <property name="sun.os.patch.level" value=""/>
    <property name="native.encoding" value="Cp1252"/>
    <property name="java.library.path" value="C:\Program Files\Java\jdk-19\bin;C:\WINDOWS\Sun\Java\bin;C:\WINDOWS\system32;C:\WINDOWS;C:\Program Files\Git\mingw64\bin;C:\Program Files\Git\usr\bin;C:\Users\yukai\bin;C:\Program Files\Common Files\Oracle\Java\javapath;C:\Windows\system32;C:\Windows;C:\Windows\System32\Wbem;C:\Windows\System32\WindowsPowerShell\v1.0;C:\Windows\System32\OpenSSH;C:\Program Files\NVIDIA Corporation\NVIDIA NvDLISR;C:\Program Files\dotnet;C:\Program Files\nodejs;C:\Program Files\Git\cmd;C:\Program Files\apache-maven-3.8.7\bin;C:\WINDOWS\system32;C:\WINDOWS;C:\WINDOWS\System32\Wbem;C:\WINDOWS\System32\WindowsPowerShell\v1.0;C:\WINDOWS\System32\OpenSSH;C:\msys64\mingw64\bin;C:\Users\yukai\AppData\Local\Programs\Python\Python310\Scripts;C:\Users\yukai\AppData\Local\Programs\Python\Python310;C:\Users\yukai\AppData\Local\Microsoft\WindowsApps;C:\Program Files\JetBrains\IntelliJ IDEA 2022.2.1\bin;C:\Users\yukai\AppData\Local\Programs\Microsoft VS Code\bin;C:\intelFPGA\17.1\modelsim_ase\win32aloem;C:\intelFPGA\17.1\modelsim_ae\win32aloem;C:\Program Files (x86)\SSH Communications Security\SSH Secure Shell;C:\Users\yukai\AppData\Roaming\npm;C:\Users\yukai\AppData\Local\GitHubDesktop\bin;C:\Program Files\JetBrains\PyCharm 2022.2.4\bin;C:\Program Files\apache-maven-3.8.7-bin\apache-maven-3.8.7\bin;C:\php;C:\Users\yukai\AppData\Local\atom\bin;."/>
    <property name="java.vm.info" value="mixed mode, sharing"/>
    <property name="stderr.encoding" value="Cp1252"/>
    <property name="java.vendor" value="Oracle Corporation"/>
    <property name="java.vm.version" value="19.0.2+7-44"/>
    <property name="sun.io.unicode.encoding" value="UnicodeLittle"/>
    <property name="java.class.version" value="63.0"/>
  </properties>
  <testcase name="testCalculateBiomes" classname="ca.mcmaster.cas.se2aa4.a2.island.IslandTest" time="0.037">
    <system-out><![CDATA[MOST RECENT HUMIDITY FOR EACH TILE IN MESH
[75]
---------------------------------------------------------------------------
ELEVATION FOR EACH TILE IN MESH
[15]
---------------------------------------------------------------------------
BIOMES FOR EACH TILE IN THE MESH
[Mountain Wetlands]
]]></system-out>
  </testcase>
  <testcase name="testLagoonColors" classname="ca.mcmaster.cas.se2aa4.a2.island.IslandTest" time="0.005"/>
  <testcase name="testAddHumidity" classname="ca.mcmaster.cas.se2aa4.a2.island.IslandTest" time="0.001"/>
  <testcase name="testShapeColors" classname="ca.mcmaster.cas.se2aa4.a2.island.IslandTest" time="0.004"/>
  <testcase name="testCalculateBiomes2" classname="ca.mcmaster.cas.se2aa4.a2.island.IslandTest" time="0">
    <system-out><![CDATA[MOST RECENT HUMIDITY FOR EACH TILE IN MESH
[18]
---------------------------------------------------------------------------
ELEVATION FOR EACH TILE IN MESH
[0]
---------------------------------------------------------------------------
BIOMES FOR EACH TILE IN THE MESH
[Tundra]
]]></system-out>
  </testcase>
  <testcase name="testDistanceCalc" classname="ca.mcmaster.cas.se2aa4.a2.island.IslandTest" time="0.003"/>
  <testcase name="testSetBaseElevation" classname="ca.mcmaster.cas.se2aa4.a2.island.IslandTest" time="0.001">
    <system-out><![CDATA[ELEVATION FOR EACH TILE IN MESH
[0, 0, 0, 0, 0, 0, 0, 0, 0, 0]
---------------------------------------------------------------------------
]]></system-out>
  </testcase>
  <testcase name="testAquiferGeneration" classname="ca.mcmaster.cas.se2aa4.a2.island.IslandTest" time="0.001"/>
  <testcase name="testUpdateElevation" classname="ca.mcmaster.cas.se2aa4.a2.island.IslandTest" time="0">
    <system-out><![CDATA[ELEVATION FOR EACH TILE IN MESH
[1, 2, 3, 4, 5, 6, 7, 8, 9, 10]
---------------------------------------------------------------------------
]]></system-out>
  </testcase>
  <testcase name="testSetBaseHumidity" classname="ca.mcmaster.cas.se2aa4.a2.island.IslandTest" time="0">
    <system-out><![CDATA[MOST RECENT HUMIDITY FOR EACH TILE IN MESH
[60, 60, 60, 60, 60, 60, 60, 60, 60, 60]
---------------------------------------------------------------------------
]]></system-out>
  </testcase>
  <testcase name="testSetHumidity" classname="ca.mcmaster.cas.se2aa4.a2.island.IslandTest" time="0"/>
</testsuite>